\BOOKMARK [1][-]{section.1}{Vision}{}% 1
\BOOKMARK [1][-]{section.2}{Mission}{}% 2
\BOOKMARK [1][-]{section.3}{Success Criteria}{}% 3
\BOOKMARK [1][-]{section.4}{Background}{}% 4
\BOOKMARK [1][-]{section.5}{Related Work}{}% 5
\BOOKMARK [1][-]{section.6}{System Overview}{}% 6
\BOOKMARK [1][-]{section.7}{Roles \046 Responsibilities}{}% 7
\BOOKMARK [1][-]{section.8}{Facilities \046 Equipment}{}% 8
\BOOKMARK [1][-]{section.9}{Cost Proposal}{}% 9
\BOOKMARK [2][-]{subsection.9.1}{Preliminary Budget}{section.9}% 10
\BOOKMARK [2][-]{subsection.9.2}{Current \046 Pending Support}{section.9}% 11
\BOOKMARK [1][-]{section.10}{Documentation \046 Reporting}{}% 12
\BOOKMARK [2][-]{subsection.10.1}{Project Charter}{section.10}% 13
\BOOKMARK [2][-]{subsection.10.2}{Product Backlog}{section.10}% 14
\BOOKMARK [2][-]{subsection.10.3}{Sprint Planning}{section.10}% 15
\BOOKMARK [3][-]{subsubsection.10.3.1}{Sprint Goal}{subsection.10.3}% 16
\BOOKMARK [3][-]{subsubsection.10.3.2}{Sprint Backlog}{subsection.10.3}% 17
\BOOKMARK [3][-]{subsubsection.10.3.3}{Task Breakdown}{subsection.10.3}% 18
\BOOKMARK [2][-]{subsection.10.4}{Sprint Burndown Charts}{section.10}% 19
\BOOKMARK [2][-]{subsection.10.5}{Sprint Retrospectives}{section.10}% 20
\BOOKMARK [2][-]{subsection.10.6}{Individual Status Reports}{section.10}% 21
\BOOKMARK [2][-]{subsection.10.7}{Engineering Notebooks}{section.10}% 22
\BOOKMARK [2][-]{subsection.10.8}{Closeout Materials}{section.10}% 23
\BOOKMARK [3][-]{subsubsection.10.8.1}{System Prototype}{subsection.10.8}% 24
\BOOKMARK [3][-]{subsubsection.10.8.2}{Project Poster}{subsection.10.8}% 25
\BOOKMARK [3][-]{subsubsection.10.8.3}{Web Page}{subsection.10.8}% 26
\BOOKMARK [3][-]{subsubsection.10.8.4}{Demo Video}{subsection.10.8}% 27
\BOOKMARK [3][-]{subsubsection.10.8.5}{Source Code}{subsection.10.8}% 28
\BOOKMARK [3][-]{subsubsection.10.8.6}{Source Code Documentation}{subsection.10.8}% 29
\BOOKMARK [3][-]{subsubsection.10.8.7}{Hardware Schematics}{subsection.10.8}% 30
\BOOKMARK [3][-]{subsubsection.10.8.8}{CAD files}{subsection.10.8}% 31
\BOOKMARK [3][-]{subsubsection.10.8.9}{Installation Scripts}{subsection.10.8}% 32
\BOOKMARK [3][-]{subsubsection.10.8.10}{User Manual}{subsection.10.8}% 33
